<?xml version="1.0" encoding="UTF-8"?>
<!-- Generated by org.testng.reporters.JUnitXMLReporter -->
<testsuite hostname="LAPTOP-P0M7KHBG" failures="1" tests="6" name="Command line test" time="35.625" errors="0" timestamp="15 Dec 2020 05:36:10 GMT">
  <testcase classname="Amazon.E2EProject.HomePageTest" name="search" time="8.803"/>
  <testcase classname="Amazon.E2EProject.HomePageTest" name="applyFilter" time="10.818"/>
  <testcase classname="Amazon.E2EProject.HomePageTest" name="select" time="4.659"/>
  <testcase classname="Amazon.E2EProject.HomePageTest" name="Window" time="0.003">
    <failure type="java.lang.NullPointerException" message="Cannot invoke &amp;quot;org.openqa.selenium.WebDriver.getWindowHandle()&amp;quot; because &amp;quot;this.driver&amp;quot; is null">
      <![CDATA[java.lang.NullPointerException: Cannot invoke "org.openqa.selenium.WebDriver.getWindowHandle()" because "this.driver" is null
	at pageObjects.WindowHandles.getWindows(WindowHandles.java:18)
	at Amazon.E2EProject.HomePageTest.Window(HomePageTest.java:66)
	at org.apache.maven.surefire.testng.TestNGExecutor.run(TestNGExecutor.java:77)
	at org.apache.maven.surefire.testng.TestNGDirectoryTestSuite.execute(TestNGDirectoryTestSuite.java:110)
	at org.apache.maven.surefire.testng.TestNGProvider.invoke(TestNGProvider.java:106)
	at org.apache.maven.surefire.util.ReflectionUtils.invokeMethodWithArray(ReflectionUtils.java:189)
	at org.apache.maven.surefire.booter.ProviderFactory$ProviderProxy.invoke(ProviderFactory.java:165)
	at org.apache.maven.surefire.booter.ProviderFactory.invokeProvider(ProviderFactory.java:85)
	at org.apache.maven.surefire.booter.ForkedBooter.runSuitesInProcess(ForkedBooter.java:115)
	at org.apache.maven.surefire.booter.ForkedBooter.main(ForkedBooter.java:75)
... Removed 25 stack frames]]>
    </failure>
  </testcase> <!-- Window -->
  <testcase classname="Amazon.E2EProject.HomePageTest" name="checkout" time="0.0">
    <skipped/>
  </testcase> <!-- checkout -->
  <testcase classname="Amazon.E2EProject.HomePageTest" name="log" time="0.0">
    <skipped/>
  </testcase> <!-- log -->
</testsuite> <!-- Command line test -->
