<?xml version="1.0" encoding="UTF-8"?>
<!-- Generated by org.testng.reporters.JUnitXMLReporter -->
<testsuite ignored="0" hostname="LAPTOP-P0M7KHBG" failures="0" tests="6" name="Test" time="42.415" errors="0" timestamp="2021-01-15T20:29:59 IST">
  <testcase classname="Amazon.E2EProject.HomePageTest" name="search" time="2.245"/>
  <testcase classname="Amazon.E2EProject.HomePageTest" name="applyFilter" time="4.225"/>
  <testcase classname="Amazon.E2EProject.HomePageTest" name="select" time="0.386"/>
  <testcase classname="Amazon.E2EProject.HomePageTest" name="Window" time="19.571"/>
  <testcase classname="Amazon.E2EProject.HomePageTest" name="checkout" time="2.646"/>
  <testcase classname="Amazon.E2EProject.HomePageTest" name="log" time="1.088"/>
</testsuite> <!-- Test -->
