<?xml version="1.0" encoding="UTF-8" ?>
<testsuite tests="6" failures="1" name="Amazon.E2EProject.HomePageTest" time="24.298" errors="0" skipped="2">
  <properties>
[...]
</properties>
  <testcase classname="Amazon.E2EProject.HomePageTest" name="search" time="8.805"/>
  <testcase classname="Amazon.E2EProject.HomePageTest" name="applyFilter" time="10.816"/>
  <testcase classname="Amazon.E2EProject.HomePageTest" name="select" time="4.659"/>
  <testcase classname="Amazon.E2EProject.HomePageTest" name="Window" time="0.006">
    <failure message="Cannot invoke &quot;org.openqa.selenium.WebDriver.getWindowHandle()&quot; because &quot;this.driver&quot; is null" type="java.lang.NullPointerException">java.lang.NullPointerException: Cannot invoke &quot;org.openqa.selenium.WebDriver.getWindowHandle()&quot; because &quot;this.driver&quot; is null
	at pageObjects.WindowHandles.getWindows(WindowHandles.java:18)
	at Amazon.E2EProject.HomePageTest.Window(HomePageTest.java:66)
</failure>
  </testcase>
  <testcase classname="Amazon.E2EProject.HomePageTest" name="checkout" time="0.006">
    <skipped/>
  </testcase>
  <testcase classname="Amazon.E2EProject.HomePageTest" name="log" time="0.006">
    <skipped/>
  </testcase>
</testsuite>