<?xml version="1.0" encoding="UTF-8"?>
<testng-results total="6" passed="3" failed="1" skipped="2">
  <reporter-output>
  </reporter-output>
  <suite started-at="2020-12-21T07:06:02Z" name="Suite" finished-at="2020-12-21T07:06:51Z" duration-ms="49161">
    <groups>
    </groups>
    <test started-at="2020-12-21T07:06:02Z" name="Test" finished-at="2020-12-21T07:06:51Z" duration-ms="49161">
      <class name="Amazon.E2EProject.HomePageTest">
        <test-method is-config="true" signature="Initialise()[pri:0, instance:Amazon.E2EProject.HomePageTest@6c67e137]" started-at="2020-12-21T12:36:02Z" name="Initialise" finished-at="2020-12-21T12:36:10Z" duration-ms="7824" status="PASS">
          <reporter-output>
          </reporter-output>
        </test-method> <!-- Initialise -->
        <test-method signature="search()[pri:0, instance:Amazon.E2EProject.HomePageTest@6c67e137]" started-at="2020-12-21T12:36:10Z" name="search" finished-at="2020-12-21T12:36:19Z" duration-ms="8858" status="PASS">
          <reporter-output>
          </reporter-output>
        </test-method> <!-- search -->
        <test-method signature="applyFilter()[pri:0, instance:Amazon.E2EProject.HomePageTest@6c67e137]" started-at="2020-12-21T12:36:19Z" name="applyFilter" finished-at="2020-12-21T12:36:29Z" depends-on-methods="Amazon.E2EProject.HomePageTest.search" duration-ms="9390" status="PASS">
          <reporter-output>
          </reporter-output>
        </test-method> <!-- applyFilter -->
        <test-method signature="select()[pri:0, instance:Amazon.E2EProject.HomePageTest@6c67e137]" started-at="2020-12-21T12:36:29Z" name="select" finished-at="2020-12-21T12:36:34Z" depends-on-methods="Amazon.E2EProject.HomePageTest.applyFilter" duration-ms="4931" status="PASS">
          <reporter-output>
          </reporter-output>
        </test-method> <!-- select -->
        <test-method signature="Window()[pri:0, instance:Amazon.E2EProject.HomePageTest@6c67e137]" started-at="2020-12-21T12:36:35Z" name="Window" finished-at="2020-12-21T12:36:49Z" depends-on-methods="Amazon.E2EProject.HomePageTest.select" duration-ms="14600" status="FAIL">
          <exception class="org.openqa.selenium.ElementClickInterceptedException">
            <message>
              <![CDATA[element click intercepted: Element <input id="add-to-cart-button" name="submit.add-to-cart" title="Add to Shopping Cart" data-hover="Select <b>__dims__</b> from the left<br> to add to Shopping Cart" class="a-button-input attach-dss-atc" type="button" value="Add to Cart" aria-labelledby="submit.add-to-cart-announce"> is not clickable at point (1369, 522). Other element would receive the click: <img id="detailImg" src="https://images-na.ssl-images-amazon.com/images/I/81onqHVeECL._SL1500_.jpg" style="position: absolute; left: -16.6px; top: 0px;">
  (Session info: chrome=87.0.4280.88)
Build info: version: '3.141.59', revision: 'e82be7d358', time: '2018-11-14T08:17:03'
System info: host: 'LAPTOP-P0M7KHBG', ip: '192.168.1.19', os.name: 'Windows 10', os.arch: 'amd64', os.version: '10.0', java.version: '15.0.1'
Driver info: org.openqa.selenium.chrome.ChromeDriver
Capabilities {acceptInsecureCerts: false, browserName: chrome, browserVersion: 87.0.4280.88, chrome: {chromedriverVersion: 87.0.4280.88 (89e2380a3e36c..., userDataDir: C:\Users\hemak\AppData\Loca...}, goog:chromeOptions: {debuggerAddress: localhost:56827}, javascriptEnabled: true, networkConnectionEnabled: false, pageLoadStrategy: normal, platform: WINDOWS, platformName: WINDOWS, proxy: Proxy(), setWindowRect: true, strictFileInteractability: false, timeouts: {implicit: 0, pageLoad: 300000, script: 30000}, unhandledPromptBehavior: dismiss and notify, webauthn:virtualAuthenticators: true}
Session ID: e4670e30acfcc6c86aaa6253aa632f5d]]>
            </message>
            <full-stacktrace>
              <![CDATA[org.openqa.selenium.ElementClickInterceptedException: element click intercepted: Element <input id="add-to-cart-button" name="submit.add-to-cart" title="Add to Shopping Cart" data-hover="Select <b>__dims__</b> from the left<br> to add to Shopping Cart" class="a-button-input attach-dss-atc" type="button" value="Add to Cart" aria-labelledby="submit.add-to-cart-announce"> is not clickable at point (1369, 522). Other element would receive the click: <img id="detailImg" src="https://images-na.ssl-images-amazon.com/images/I/81onqHVeECL._SL1500_.jpg" style="position: absolute; left: -16.6px; top: 0px;">
  (Session info: chrome=87.0.4280.88)
Build info: version: '3.141.59', revision: 'e82be7d358', time: '2018-11-14T08:17:03'
System info: host: 'LAPTOP-P0M7KHBG', ip: '192.168.1.19', os.name: 'Windows 10', os.arch: 'amd64', os.version: '10.0', java.version: '15.0.1'
Driver info: org.openqa.selenium.chrome.ChromeDriver
Capabilities {acceptInsecureCerts: false, browserName: chrome, browserVersion: 87.0.4280.88, chrome: {chromedriverVersion: 87.0.4280.88 (89e2380a3e36c..., userDataDir: C:\Users\hemak\AppData\Loca...}, goog:chromeOptions: {debuggerAddress: localhost:56827}, javascriptEnabled: true, networkConnectionEnabled: false, pageLoadStrategy: normal, platform: WINDOWS, platformName: WINDOWS, proxy: Proxy(), setWindowRect: true, strictFileInteractability: false, timeouts: {implicit: 0, pageLoad: 300000, script: 30000}, unhandledPromptBehavior: dismiss and notify, webauthn:virtualAuthenticators: true}
Session ID: e4670e30acfcc6c86aaa6253aa632f5d
	at java.base/jdk.internal.reflect.NativeConstructorAccessorImpl.newInstance0(Native Method)
	at java.base/jdk.internal.reflect.NativeConstructorAccessorImpl.newInstance(NativeConstructorAccessorImpl.java:64)
	at java.base/jdk.internal.reflect.DelegatingConstructorAccessorImpl.newInstance(DelegatingConstructorAccessorImpl.java:45)
	at java.base/java.lang.reflect.Constructor.newInstanceWithCaller(Constructor.java:500)
	at java.base/java.lang.reflect.Constructor.newInstance(Constructor.java:481)
	at org.openqa.selenium.remote.http.W3CHttpResponseCodec.createException(W3CHttpResponseCodec.java:187)
	at org.openqa.selenium.remote.http.W3CHttpResponseCodec.decode(W3CHttpResponseCodec.java:122)
	at org.openqa.selenium.remote.http.W3CHttpResponseCodec.decode(W3CHttpResponseCodec.java:49)
	at org.openqa.selenium.remote.HttpCommandExecutor.execute(HttpCommandExecutor.java:158)
	at org.openqa.selenium.remote.service.DriverCommandExecutor.execute(DriverCommandExecutor.java:83)
	at org.openqa.selenium.remote.RemoteWebDriver.execute(RemoteWebDriver.java:552)
	at org.openqa.selenium.remote.RemoteWebElement.execute(RemoteWebElement.java:285)
	at org.openqa.selenium.remote.RemoteWebElement.click(RemoteWebElement.java:84)
	at pageObjects.WindowHandles.getWindows(WindowHandles.java:30)
	at Amazon.E2EProject.HomePageTest.Window(HomePageTest.java:78)
	at java.base/jdk.internal.reflect.NativeMethodAccessorImpl.invoke0(Native Method)
	at java.base/jdk.internal.reflect.NativeMethodAccessorImpl.invoke(NativeMethodAccessorImpl.java:64)
	at java.base/jdk.internal.reflect.DelegatingMethodAccessorImpl.invoke(DelegatingMethodAccessorImpl.java:43)
	at java.base/java.lang.reflect.Method.invoke(Method.java:564)
	at org.testng.internal.MethodInvocationHelper.invokeMethod(MethodInvocationHelper.java:80)
	at org.testng.internal.Invoker.invokeMethod(Invoker.java:714)
	at org.testng.internal.Invoker.invokeTestMethod(Invoker.java:901)
	at org.testng.internal.Invoker.invokeTestMethods(Invoker.java:1231)
	at org.testng.internal.TestMethodWorker.invokeTestMethods(TestMethodWorker.java:127)
	at org.testng.internal.TestMethodWorker.run(TestMethodWorker.java:111)
	at org.testng.TestRunner.privateRun(TestRunner.java:767)
	at org.testng.TestRunner.run(TestRunner.java:617)
	at org.testng.SuiteRunner.runTest(SuiteRunner.java:334)
	at org.testng.SuiteRunner.runSequentially(SuiteRunner.java:329)
	at org.testng.SuiteRunner.privateRun(SuiteRunner.java:291)
	at org.testng.SuiteRunner.run(SuiteRunner.java:240)
	at org.testng.SuiteRunnerWorker.runSuite(SuiteRunnerWorker.java:52)
	at org.testng.SuiteRunnerWorker.run(SuiteRunnerWorker.java:86)
	at org.testng.TestNG.runSuitesSequentially(TestNG.java:1198)
	at org.testng.TestNG.runSuitesLocally(TestNG.java:1123)
	at org.testng.TestNG.run(TestNG.java:1031)
	at org.apache.maven.surefire.testng.TestNGExecutor.run(TestNGExecutor.java:284)
	at org.apache.maven.surefire.testng.TestNGXmlTestSuite.execute(TestNGXmlTestSuite.java:75)
	at org.apache.maven.surefire.testng.TestNGProvider.invoke(TestNGProvider.java:119)
	at org.apache.maven.surefire.booter.ForkedBooter.runSuitesInProcess(ForkedBooter.java:428)
	at org.apache.maven.surefire.booter.ForkedBooter.execute(ForkedBooter.java:162)
	at org.apache.maven.surefire.booter.ForkedBooter.run(ForkedBooter.java:562)
	at org.apache.maven.surefire.booter.ForkedBooter.main(ForkedBooter.java:548)
]]>
            </full-stacktrace>
          </exception> <!-- org.openqa.selenium.ElementClickInterceptedException -->
          <reporter-output>
          </reporter-output>
        </test-method> <!-- Window -->
        <test-method signature="checkout()[pri:0, instance:Amazon.E2EProject.HomePageTest@6c67e137]" started-at="2020-12-21T12:36:50Z" name="checkout" finished-at="2020-12-21T12:36:50Z" depends-on-methods="Amazon.E2EProject.HomePageTest.Window" duration-ms="0" status="SKIP">
          <reporter-output>
          </reporter-output>
        </test-method> <!-- checkout -->
        <test-method signature="log()[pri:0, instance:Amazon.E2EProject.HomePageTest@6c67e137]" started-at="2020-12-21T12:36:51Z" name="log" finished-at="2020-12-21T12:36:51Z" depends-on-methods="Amazon.E2EProject.HomePageTest.Window" duration-ms="0" status="SKIP">
          <reporter-output>
          </reporter-output>
        </test-method> <!-- log -->
      </class> <!-- Amazon.E2EProject.HomePageTest -->
    </test> <!-- Test -->
  </suite> <!-- Suite -->
</testng-results>
