<?xml version="1.0" encoding="UTF-8"?>
<testsuite xmlns:xsi="http://www.w3.org/2001/XMLSchema-instance" xsi:noNamespaceSchemaLocation="https://maven.apache.org/surefire/maven-surefire-plugin/xsd/surefire-test-report-3.0.xsd" version="3.0" name="TestSuite" time="51.241" tests="6" errors="0" skipped="2" failures="1">
  <properties>
[...]
</properties>
  <testcase name="search" classname="Amazon.E2EProject.HomePageTest" time="8.832">
    <system-out><![CDATA[12:36:06.028 [main] INFO  resources.Base - driver is initialised
12:36:08.112 [main] INFO  resources.Base - driver is initialised
12:36:10.336 [main] INFO  resources.Base - window is maximised
Start of Test 	search
12:36:10.349 [main] INFO  Amazon.E2EProject.Listeners - Start of Test 	search
12:36:10.368 [main] INFO  resources.Base - Amazon home page is opened
12:36:16.200 [main] INFO  resources.Base - Searched for mobiles
]]></system-out>
    <system-err><![CDATA[Starting ChromeDriver 87.0.4280.88 (89e2380a3e36c3464b5dd1302349b1382549290d-refs/branch-heads/4280@{#1761}) on port 29114
Only local connections are allowed.
Please see https://chromedriver.chromium.org/security-considerations for suggestions on keeping ChromeDriver safe.
ChromeDriver was started successfully.
Dec 21, 2020 12:36:05 PM org.openqa.selenium.remote.ProtocolHandshake createSession
INFO: Detected dialect: W3C
]]></system-err>
  </testcase>
  <testcase name="applyFilter" classname="Amazon.E2EProject.HomePageTest" time="9.4">
    <system-out><![CDATA[Success of Test 	search
12:36:19.206 [main] INFO  Amazon.E2EProject.Listeners - Success of Test 	search
Start of Test 	applyFilter
12:36:19.672 [main] INFO  Amazon.E2EProject.Listeners - Start of Test 	applyFilter
12:36:29.062 [main] INFO  resources.Base - filters are applied
]]></system-out>
  </testcase>
  <testcase name="select" classname="Amazon.E2EProject.HomePageTest" time="4.942">
    <system-out><![CDATA[Success of Test 	applyFilter
12:36:29.062 [main] INFO  Amazon.E2EProject.Listeners - Success of Test 	applyFilter
Start of Test 	select
12:36:29.541 [main] INFO  Amazon.E2EProject.Listeners - Start of Test 	select
12:36:31.782 [main] INFO  resources.Base - Second product is selcted
12:36:34.472 [main] INFO  resources.Base - First product is selcted is selected
]]></system-out>
  </testcase>
  <testcase name="Window" classname="Amazon.E2EProject.HomePageTest" time="14.607">
    <failure message="element click intercepted: Element &lt;input id=&quot;add-to-cart-button&quot; name=&quot;submit.add-to-cart&quot; title=&quot;Add to Shopping Cart&quot; data-hover=&quot;Select &lt;b&gt;__dims__&lt;/b&gt; from the left&lt;br&gt; to add to Shopping Cart&quot; class=&quot;a-button-input attach-dss-atc&quot; type=&quot;button&quot; value=&quot;Add to Cart&quot; aria-labelledby=&quot;submit.add-to-cart-announce&quot;&gt; is not clickable at point (1369, 522). Other element would receive the click: &lt;img id=&quot;detailImg&quot; src=&quot;https://images-na.ssl-images-amazon.com/images/I/81onqHVeECL._SL1500_.jpg&quot; style=&quot;position: absolute; left: -16.6px; top: 0px;&quot;&gt;&#10;  (Session info: chrome=87.0.4280.88)&#10;Build info: version: &apos;3.141.59&apos;, revision: &apos;e82be7d358&apos;, time: &apos;2018-11-14T08:17:03&apos;&#10;System info: host: &apos;LAPTOP-P0M7KHBG&apos;, ip: &apos;192.168.1.19&apos;, os.name: &apos;Windows 10&apos;, os.arch: &apos;amd64&apos;, os.version: &apos;10.0&apos;, java.version: &apos;15.0.1&apos;&#10;Driver info: org.openqa.selenium.chrome.ChromeDriver&#10;Capabilities {acceptInsecureCerts: false, browserName: chrome, browserVersion: 87.0.4280.88, chrome: {chromedriverVersion: 87.0.4280.88 (89e2380a3e36c..., userDataDir: C:\Users\hemak\AppData\Loca...}, goog:chromeOptions: {debuggerAddress: localhost:56827}, javascriptEnabled: true, networkConnectionEnabled: false, pageLoadStrategy: normal, platform: WINDOWS, platformName: WINDOWS, proxy: Proxy(), setWindowRect: true, strictFileInteractability: false, timeouts: {implicit: 0, pageLoad: 300000, script: 30000}, unhandledPromptBehavior: dismiss and notify, webauthn:virtualAuthenticators: true}&#10;Session ID: e4670e30acfcc6c86aaa6253aa632f5d" type="org.openqa.selenium.ElementClickInterceptedException"><![CDATA[org.openqa.selenium.ElementClickInterceptedException: 
element click intercepted: Element <input id="add-to-cart-button" name="submit.add-to-cart" title="Add to Shopping Cart" data-hover="Select <b>__dims__</b> from the left<br> to add to Shopping Cart" class="a-button-input attach-dss-atc" type="button" value="Add to Cart" aria-labelledby="submit.add-to-cart-announce"> is not clickable at point (1369, 522). Other element would receive the click: <img id="detailImg" src="https://images-na.ssl-images-amazon.com/images/I/81onqHVeECL._SL1500_.jpg" style="position: absolute; left: -16.6px; top: 0px;">
  (Session info: chrome=87.0.4280.88)
Build info: version: '3.141.59', revision: 'e82be7d358', time: '2018-11-14T08:17:03'
System info: host: 'LAPTOP-P0M7KHBG', ip: '192.168.1.19', os.name: 'Windows 10', os.arch: 'amd64', os.version: '10.0', java.version: '15.0.1'
Driver info: org.openqa.selenium.chrome.ChromeDriver
Capabilities {acceptInsecureCerts: false, browserName: chrome, browserVersion: 87.0.4280.88, chrome: {chromedriverVersion: 87.0.4280.88 (89e2380a3e36c..., userDataDir: C:\Users\hemak\AppData\Loca...}, goog:chromeOptions: {debuggerAddress: localhost:56827}, javascriptEnabled: true, networkConnectionEnabled: false, pageLoadStrategy: normal, platform: WINDOWS, platformName: WINDOWS, proxy: Proxy(), setWindowRect: true, strictFileInteractability: false, timeouts: {implicit: 0, pageLoad: 300000, script: 30000}, unhandledPromptBehavior: dismiss and notify, webauthn:virtualAuthenticators: true}
Session ID: e4670e30acfcc6c86aaa6253aa632f5d
	at Amazon.E2EProject.HomePageTest.Window(HomePageTest.java:78)
]]></failure>
    <system-out><![CDATA[Success of Test 	select
12:36:34.472 [main] INFO  Amazon.E2EProject.Listeners - Success of Test 	select
Start of Test 	Window
12:36:35.097 [main] INFO  Amazon.E2EProject.Listeners - Start of Test 	Window
]]></system-out>
  </testcase>
  <testcase name="checkout" classname="Amazon.E2EProject.HomePageTest" time="0">
    <skipped/>
    <system-out><![CDATA[Failure of Test 	Window
12:36:49.705 [main] INFO  Amazon.E2EProject.Listeners - Failure of Test 	Window
]]></system-out>
  </testcase>
  <testcase name="log" classname="Amazon.E2EProject.HomePageTest" time="0">
    <skipped/>
    <system-out><![CDATA[Skipped the Test 	checkout
12:36:50.383 [main] INFO  Amazon.E2EProject.Listeners - Skipped the Test 	checkout
]]></system-out>
  </testcase>
</testsuite>